  [1m[35m (26.6ms)[0m  [1m[35mCREATE TABLE "schema_migrations" ("version" varchar NOT NULL PRIMARY KEY)[0m
  [1m[35m (18.5ms)[0m  [1m[35mCREATE TABLE "ar_internal_metadata" ("key" varchar NOT NULL PRIMARY KEY, "value" varchar, "created_at" datetime(6) NOT NULL, "updated_at" datetime(6) NOT NULL)[0m
  [1m[36mActiveRecord::SchemaMigration Pluck (0.2ms)[0m  [1m[34mSELECT "schema_migrations"."version" FROM "schema_migrations" ORDER BY "schema_migrations"."version" ASC[0m
Migrating to CreateUsers (20230314234539)
  [1m[36mTRANSACTION (0.4ms)[0m  [1m[36mbegin transaction[0m
  [1m[35m (2.1ms)[0m  [1m[35mCREATE TABLE "users" ("id" integer PRIMARY KEY AUTOINCREMENT NOT NULL, "username" varchar NOT NULL, "session_token" varchar NOT NULL, "password_digest" varchar NOT NULL, "created_at" datetime(6) NOT NULL, "updated_at" datetime(6) NOT NULL)[0m
  [1m[35m (0.9ms)[0m  [1m[35mCREATE UNIQUE INDEX "index_users_on_username" ON "users" ("username")[0m
  [1m[35m (0.8ms)[0m  [1m[35mCREATE UNIQUE INDEX "index_users_on_session_token" ON "users" ("session_token")[0m
  [1m[36mActiveRecord::SchemaMigration Create (0.9ms)[0m  [1m[32mINSERT INTO "schema_migrations" ("version") VALUES (?)[0m  [["version", "20230314234539"]]
  [1m[36mTRANSACTION (17.2ms)[0m  [1m[36mcommit transaction[0m
  [1m[36mActiveRecord::InternalMetadata Load (0.2ms)[0m  [1m[34mSELECT "ar_internal_metadata".* FROM "ar_internal_metadata" WHERE "ar_internal_metadata"."key" = ? LIMIT ?[0m  [["key", "environment"], ["LIMIT", 1]]
  [1m[36mTRANSACTION (0.1ms)[0m  [1m[36mbegin transaction[0m
  [1m[36mActiveRecord::InternalMetadata Create (0.5ms)[0m  [1m[32mINSERT INTO "ar_internal_metadata" ("key", "value", "created_at", "updated_at") VALUES (?, ?, ?, ?)[0m  [["key", "environment"], ["value", "development"], ["created_at", "2023-03-14 23:47:58.857388"], ["updated_at", "2023-03-14 23:47:58.857388"]]
  [1m[36mTRANSACTION (20.0ms)[0m  [1m[36mcommit transaction[0m
  [1m[36mActiveRecord::SchemaMigration Pluck (0.5ms)[0m  [1m[34mSELECT "schema_migrations"."version" FROM "schema_migrations" ORDER BY "schema_migrations"."version" ASC[0m
Started GET "/" for ::1 at 2023-03-14 18:29:56 -0700
  [1m[36mActiveRecord::SchemaMigration Pluck (0.4ms)[0m  [1m[34mSELECT "schema_migrations"."version" FROM "schema_migrations" ORDER BY "schema_migrations"."version" ASC[0m
Processing by Rails::WelcomeController#index as HTML
  Rendering /home/aerd/.rbenv/versions/3.1.1/lib/ruby/gems/3.1.0/gems/railties-7.0.4.3/lib/rails/templates/rails/welcome/index.html.erb
  Rendered /home/aerd/.rbenv/versions/3.1.1/lib/ruby/gems/3.1.0/gems/railties-7.0.4.3/lib/rails/templates/rails/welcome/index.html.erb (Duration: 3.6ms | Allocations: 525)
Completed 200 OK in 15ms (Views: 8.8ms | ActiveRecord: 0.0ms | Allocations: 2803)


Started GET "/users" for ::1 at 2023-03-14 18:30:12 -0700
Processing by UsersController#index as HTML
  [1m[36mUser Load (0.4ms)[0m  [1m[34mSELECT "users".* FROM "users" WHERE "users"."session_token" IS NULL LIMIT ?[0m  [["LIMIT", 1]]
  ↳ app/controllers/application_controller.rb:5:in `current_user'
Redirected to http://localhost:3000/session/new
Filter chain halted as :require_logged_in rendered or redirected
Completed 302 Found in 61ms (ActiveRecord: 7.2ms | Allocations: 4508)


Started GET "/session/new" for ::1 at 2023-03-14 18:30:12 -0700
Processing by SessionsController#new as HTML
  Rendering layout layouts/application.html.erb
  Rendering sessions/new.html.erb within layouts/application
  Rendered sessions/new.html.erb within layouts/application (Duration: 1.9ms | Allocations: 467)
  Rendered layout layouts/application.html.erb (Duration: 76.1ms | Allocations: 6656)
Completed 200 OK in 99ms (Views: 80.4ms | ActiveRecord: 2.2ms | Allocations: 11608)


Started POST "/session" for ::1 at 2023-03-14 18:32:25 -0700
Processing by SessionsController#create as HTML
  Parameters: {"authenticity_token"=>"[FILTERED]", "user"=>{"username"=>"Flotsam", "password"=>"[FILTERED]"}}
  [1m[36mUser Load (2.5ms)[0m  [1m[34mSELECT "users".* FROM "users" WHERE "users"."username" = ? LIMIT ?[0m  [["username", "Flotsam"], ["LIMIT", 1]]
  ↳ app/models/user.rb:12:in `find_by_credentials'
  Rendering layout layouts/application.html.erb
  Rendering sessions/new.html.erb within layouts/application
  Rendered sessions/new.html.erb within layouts/application (Duration: 18.9ms | Allocations: 3385)
  Rendered layout layouts/application.html.erb (Duration: 19.7ms | Allocations: 3479)
Completed 500 Internal Server Error in 47ms (ActiveRecord: 2.5ms | Allocations: 5691)



NoMethodError - undefined method `username' for nil:NilClass:
  app/views/sessions/new.html.erb:6
  app/controllers/sessions_controller.rb:17:in `create'

Started POST "/__better_errors/ce5462d8439540e8/variables" for ::1 at 2023-03-14 18:32:26 -0700
Started POST "/session" for ::1 at 2023-03-14 18:32:50 -0700
Processing by SessionsController#create as HTML
  Parameters: {"authenticity_token"=>"[FILTERED]", "user"=>{"username"=>"Flotsam", "password"=>"[FILTERED]"}}
  [1m[36mUser Load (0.2ms)[0m  [1m[34mSELECT "users".* FROM "users" WHERE "users"."username" = ? LIMIT ?[0m  [["username", "Flotsam"], ["LIMIT", 1]]
  ↳ app/models/user.rb:12:in `find_by_credentials'
  Rendering layout layouts/application.html.erb
  Rendering sessions/new.html.erb within layouts/application
  Rendered sessions/new.html.erb within layouts/application (Duration: 3.6ms | Allocations: 2670)
  Rendered layout layouts/application.html.erb (Duration: 4.5ms | Allocations: 2750)
Completed 500 Internal Server Error in 10ms (ActiveRecord: 0.2ms | Allocations: 3824)



NoMethodError - undefined method `username' for nil:NilClass:
  app/views/sessions/new.html.erb:6
  app/controllers/sessions_controller.rb:17:in `create'

Started POST "/__better_errors/a32c5b9e83a729ff/variables" for ::1 at 2023-03-14 18:32:50 -0700
Started POST "/session" for ::1 at 2023-03-14 18:33:09 -0700
Processing by SessionsController#create as HTML
  Parameters: {"authenticity_token"=>"[FILTERED]", "user"=>{"username"=>"Flotsam", "password"=>"[FILTERED]"}}
  [1m[36mUser Load (0.2ms)[0m  [1m[34mSELECT "users".* FROM "users" WHERE "users"."username" = ? LIMIT ?[0m  [["username", "Flotsam"], ["LIMIT", 1]]
  ↳ app/models/user.rb:12:in `find_by_credentials'
  Rendering layout layouts/application.html.erb
  Rendering sessions/new.html.erb within layouts/application
  Rendered sessions/new.html.erb within layouts/application (Duration: 8.0ms | Allocations: 2869)
  Rendered layout layouts/application.html.erb (Duration: 10.5ms | Allocations: 2958)
Completed 500 Internal Server Error in 20ms (ActiveRecord: 0.2ms | Allocations: 4503)



NoMethodError - undefined method `username' for nil:NilClass:
  app/views/sessions/new.html.erb:6
  app/controllers/sessions_controller.rb:17:in `create'

Started POST "/__better_errors/38245311886fbec1/variables" for ::1 at 2023-03-14 18:33:10 -0700
Started POST "/__better_errors/38245311886fbec1/variables" for ::1 at 2023-03-14 18:33:13 -0700
Started POST "/session" for ::1 at 2023-03-14 18:34:16 -0700
Processing by SessionsController#create as HTML
  Parameters: {"authenticity_token"=>"[FILTERED]", "user"=>{"username"=>"Flotsam", "password"=>"[FILTERED]"}}
  [1m[36mUser Load (1.3ms)[0m  [1m[34mSELECT "users".* FROM "users" WHERE "users"."username" = ? LIMIT ?[0m  [["username", "Flotsam"], ["LIMIT", 1]]
  ↳ app/models/user.rb:12:in `find_by_credentials'
  Rendering layout layouts/application.html.erb
  Rendering sessions/new.html.erb within layouts/application
  Rendered sessions/new.html.erb within layouts/application (Duration: 14.4ms | Allocations: 2866)
  Rendered layout layouts/application.html.erb (Duration: 16.9ms | Allocations: 2954)
Completed 500 Internal Server Error in 33ms (ActiveRecord: 1.3ms | Allocations: 4483)



NoMethodError - undefined method `username' for nil:NilClass:
  app/views/sessions/new.html.erb:6
  app/controllers/sessions_controller.rb:17:in `create'

Started POST "/__better_errors/0fce7f6af4d3e2a0/variables" for ::1 at 2023-03-14 18:34:16 -0700
  [1m[36mUser Load (0.4ms)[0m  [1m[34mSELECT "users".* FROM "users"[0m
Started POST "/__better_errors/0fce7f6af4d3e2a0/variables" for ::1 at 2023-03-14 18:34:40 -0700
Started GET "/users" for ::1 at 2023-03-14 18:35:05 -0700
Processing by UsersController#index as HTML
  [1m[36mUser Load (0.3ms)[0m  [1m[34mSELECT "users".* FROM "users" WHERE "users"."session_token" IS NULL LIMIT ?[0m  [["LIMIT", 1]]
  ↳ app/controllers/application_controller.rb:5:in `current_user'
Redirected to http://localhost:3000/session/new
Filter chain halted as :require_logged_in rendered or redirected
Completed 302 Found in 11ms (ActiveRecord: 0.3ms | Allocations: 1137)


Started GET "/session/new" for ::1 at 2023-03-14 18:35:05 -0700
Processing by SessionsController#new as HTML
  Rendering layout layouts/application.html.erb
  Rendering sessions/new.html.erb within layouts/application
  Rendered sessions/new.html.erb within layouts/application (Duration: 1.9ms | Allocations: 266)
  Rendered layout layouts/application.html.erb (Duration: 11.0ms | Allocations: 1564)
Completed 200 OK in 17ms (Views: 14.6ms | ActiveRecord: 0.0ms | Allocations: 1846)


Started GET "/users/new" for ::1 at 2023-03-14 18:35:58 -0700
Processing by UsersController#new as HTML
  Rendering layout layouts/application.html.erb
  Rendering users/new.html.erb within layouts/application
  Rendered users/new.html.erb within layouts/application (Duration: 3.3ms | Allocations: 514)
  Rendered layout layouts/application.html.erb (Duration: 15.3ms | Allocations: 1658)
Completed 200 OK in 21ms (Views: 19.3ms | ActiveRecord: 0.0ms | Allocations: 2256)


Started POST "/users" for ::1 at 2023-03-14 18:36:08 -0700
Processing by UsersController#create as HTML
  Parameters: {"authenticity_token"=>"[FILTERED]", "user"=>{"username"=>"Flotsam", "password"=>"[FILTERED]"}}
  [1m[36mTRANSACTION (0.2ms)[0m  [1m[36mbegin transaction[0m
  ↳ app/models/user.rb:45:in `generate_session_token'
  [1m[36mUser Exists? (0.4ms)[0m  [1m[34mSELECT 1 AS one FROM "users" WHERE "users"."session_token" = ? LIMIT ?[0m  [["session_token", "[FILTERED]"], ["LIMIT", 1]]
  ↳ app/models/user.rb:45:in `generate_session_token'
  [1m[36mUser Exists? (0.6ms)[0m  [1m[34mSELECT 1 AS one FROM "users" WHERE "users"."username" = ? LIMIT ?[0m  [["username", "Flotsam"], ["LIMIT", 1]]
  ↳ app/controllers/users_controller.rb:14:in `create'
  [1m[36mCACHE User Exists? (0.1ms)[0m  [1m[34mSELECT 1 AS one FROM "users" WHERE "users"."session_token" = ? LIMIT ?[0m  [["session_token", "[FILTERED]"], ["LIMIT", 1]]
  ↳ app/controllers/users_controller.rb:14:in `create'
  [1m[36mUser Create (7.2ms)[0m  [1m[32mINSERT INTO "users" ("username", "session_token", "password_digest", "created_at", "updated_at") VALUES (?, ?, ?, ?, ?)[0m  [["username", "Flotsam"], ["session_token", "[FILTERED]"], ["password_digest", "[FILTERED]"], ["created_at", "2023-03-15 01:36:08.401527"], ["updated_at", "2023-03-15 01:36:08.401527"]]
  ↳ app/controllers/users_controller.rb:14:in `create'
  [1m[36mTRANSACTION (16.0ms)[0m  [1m[36mcommit transaction[0m
  ↳ app/controllers/users_controller.rb:14:in `create'
Completed 500 Internal Server Error in 459ms (ActiveRecord: 24.4ms | Allocations: 10746)



NoMethodError - undefined method `reset_session_token' for #<User id: 1, username: "Flotsam", session_token: [FILTERED], password_digest: [FILTERED], created_at: "2023-03-15 01:36:08.401527000 +0000", updated_at: "2023-03-15 01:36:08.401527000 +0000">
Did you mean?  reset_session_token!
               ensure_session_token
               restore_session_token!:
  app/controllers/application_controller.rb:18:in `login!'
  app/controllers/users_controller.rb:15:in `create'

Started POST "/__better_errors/23d7327b98192083/variables" for ::1 at 2023-03-14 18:36:08 -0700
Started POST "/users" for ::1 at 2023-03-14 18:37:03 -0700
Processing by UsersController#create as HTML
  Parameters: {"authenticity_token"=>"[FILTERED]", "user"=>{"username"=>"Flotsam", "password"=>"[FILTERED]"}}
  [1m[36mTRANSACTION (0.1ms)[0m  [1m[36mbegin transaction[0m
  ↳ app/models/user.rb:45:in `generate_session_token'
  [1m[36mUser Exists? (0.4ms)[0m  [1m[34mSELECT 1 AS one FROM "users" WHERE "users"."session_token" = ? LIMIT ?[0m  [["session_token", "[FILTERED]"], ["LIMIT", 1]]
  ↳ app/models/user.rb:45:in `generate_session_token'
  [1m[36mUser Exists? (0.2ms)[0m  [1m[34mSELECT 1 AS one FROM "users" WHERE "users"."username" = ? LIMIT ?[0m  [["username", "Flotsam"], ["LIMIT", 1]]
  ↳ app/controllers/users_controller.rb:14:in `create'
  [1m[36mCACHE User Exists? (0.0ms)[0m  [1m[34mSELECT 1 AS one FROM "users" WHERE "users"."session_token" = ? LIMIT ?[0m  [["session_token", "[FILTERED]"], ["LIMIT", 1]]
  ↳ app/controllers/users_controller.rb:14:in `create'
  [1m[36mTRANSACTION (0.1ms)[0m  [1m[31mrollback transaction[0m
  ↳ app/controllers/users_controller.rb:14:in `create'
Completed 422 Unprocessable Entity in 346ms (ActiveRecord: 2.5ms | Allocations: 9954)



ActiveRecord::RecordInvalid - Validation failed: Username has already been taken:
  app/controllers/users_controller.rb:14:in `create'

Started POST "/__better_errors/8d86092a4835e241/variables" for ::1 at 2023-03-14 18:37:04 -0700
  [1m[36mUser Load (0.3ms)[0m  [1m[34mSELECT "users".* FROM "users"[0m
Started POST "/users" for ::1 at 2023-03-14 18:37:43 -0700
Processing by UsersController#create as HTML
  Parameters: {"authenticity_token"=>"[FILTERED]", "user"=>{"username"=>"Flim", "password"=>"[FILTERED]"}}
  [1m[36mTRANSACTION (0.1ms)[0m  [1m[36mbegin transaction[0m
  ↳ app/models/user.rb:45:in `generate_session_token'
  [1m[36mUser Exists? (0.2ms)[0m  [1m[34mSELECT 1 AS one FROM "users" WHERE "users"."session_token" = ? LIMIT ?[0m  [["session_token", "[FILTERED]"], ["LIMIT", 1]]
  ↳ app/models/user.rb:45:in `generate_session_token'
  [1m[36mUser Exists? (0.2ms)[0m  [1m[34mSELECT 1 AS one FROM "users" WHERE "users"."username" = ? LIMIT ?[0m  [["username", "Flim"], ["LIMIT", 1]]
  ↳ app/controllers/users_controller.rb:14:in `create'
  [1m[36mCACHE User Exists? (0.0ms)[0m  [1m[34mSELECT 1 AS one FROM "users" WHERE "users"."session_token" = ? LIMIT ?[0m  [["session_token", "[FILTERED]"], ["LIMIT", 1]]
  ↳ app/controllers/users_controller.rb:14:in `create'
  [1m[36mTRANSACTION (0.1ms)[0m  [1m[31mrollback transaction[0m
  ↳ app/controllers/users_controller.rb:14:in `create'
Completed 422 Unprocessable Entity in 321ms (ActiveRecord: 0.7ms | Allocations: 4699)



ActiveRecord::RecordInvalid - Validation failed: Password is too short (minimum is 6 characters):
  app/controllers/users_controller.rb:14:in `create'

Started POST "/__better_errors/96e014b8049fb61d/variables" for ::1 at 2023-03-14 18:37:43 -0700
Started POST "/users" for ::1 at 2023-03-14 18:37:51 -0700
Processing by UsersController#create as HTML
  Parameters: {"authenticity_token"=>"[FILTERED]", "user"=>{"username"=>"Flim", "password"=>"[FILTERED]"}}
  [1m[36mTRANSACTION (0.2ms)[0m  [1m[36mbegin transaction[0m
  ↳ app/models/user.rb:45:in `generate_session_token'
  [1m[36mUser Exists? (0.4ms)[0m  [1m[34mSELECT 1 AS one FROM "users" WHERE "users"."session_token" = ? LIMIT ?[0m  [["session_token", "[FILTERED]"], ["LIMIT", 1]]
  ↳ app/models/user.rb:45:in `generate_session_token'
  [1m[36mUser Exists? (0.2ms)[0m  [1m[34mSELECT 1 AS one FROM "users" WHERE "users"."username" = ? LIMIT ?[0m  [["username", "Flim"], ["LIMIT", 1]]
  ↳ app/controllers/users_controller.rb:14:in `create'
  [1m[36mCACHE User Exists? (0.0ms)[0m  [1m[34mSELECT 1 AS one FROM "users" WHERE "users"."session_token" = ? LIMIT ?[0m  [["session_token", "[FILTERED]"], ["LIMIT", 1]]
  ↳ app/controllers/users_controller.rb:14:in `create'
  [1m[36mUser Create (0.8ms)[0m  [1m[32mINSERT INTO "users" ("username", "session_token", "password_digest", "created_at", "updated_at") VALUES (?, ?, ?, ?, ?)[0m  [["username", "Flim"], ["session_token", "[FILTERED]"], ["password_digest", "[FILTERED]"], ["created_at", "2023-03-15 01:37:51.676891"], ["updated_at", "2023-03-15 01:37:51.676891"]]
  ↳ app/controllers/users_controller.rb:14:in `create'
  [1m[36mTRANSACTION (14.2ms)[0m  [1m[36mcommit transaction[0m
  ↳ app/controllers/users_controller.rb:14:in `create'
  [1m[36mUser Exists? (0.8ms)[0m  [1m[34mSELECT 1 AS one FROM "users" WHERE "users"."session_token" = ? LIMIT ?[0m  [["session_token", "[FILTERED]"], ["LIMIT", 1]]
  ↳ app/models/user.rb:45:in `generate_session_token'
  [1m[36mTRANSACTION (0.1ms)[0m  [1m[36mbegin transaction[0m
  ↳ app/models/user.rb:33:in `reset_session_token!'
  [1m[36mUser Exists? (0.4ms)[0m  [1m[34mSELECT 1 AS one FROM "users" WHERE "users"."username" = ? AND "users"."id" != ? LIMIT ?[0m  [["username", "Flim"], ["id", 2], ["LIMIT", 1]]
  ↳ app/models/user.rb:33:in `reset_session_token!'
  [1m[36mUser Exists? (0.2ms)[0m  [1m[34mSELECT 1 AS one FROM "users" WHERE "users"."session_token" = ? AND "users"."id" != ? LIMIT ?[0m  [["session_token", "[FILTERED]"], ["id", 2], ["LIMIT", 1]]
  ↳ app/models/user.rb:33:in `reset_session_token!'
  [1m[36mUser Update (1.5ms)[0m  [1m[33mUPDATE "users" SET "session_token" = ?, "updated_at" = ? WHERE "users"."id" = ?[0m  [["session_token", "[FILTERED]"], ["updated_at", "2023-03-15 01:37:51.720827"], ["id", 2]]
  ↳ app/models/user.rb:33:in `reset_session_token!'
  [1m[36mTRANSACTION (12.5ms)[0m  [1m[36mcommit transaction[0m
  ↳ app/models/user.rb:33:in `reset_session_token!'
Redirected to http://localhost:3000/users
Completed 302 Found in 413ms (ActiveRecord: 31.4ms | Allocations: 8540)


Started GET "/users" for ::1 at 2023-03-14 18:37:51 -0700
Processing by UsersController#index as HTML
  [1m[36mUser Load (0.3ms)[0m  [1m[34mSELECT "users".* FROM "users" WHERE "users"."session_token" = ? LIMIT ?[0m  [["session_token", "[FILTERED]"], ["LIMIT", 1]]
  ↳ app/controllers/application_controller.rb:5:in `current_user'
  Rendering layout layouts/application.html.erb
  Rendering users/index.html.erb within layouts/application
  Rendered users/index.html.erb within layouts/application (Duration: 3.9ms | Allocations: 2840)
  Rendered layout layouts/application.html.erb (Duration: 4.6ms | Allocations: 2929)
Completed 500 Internal Server Error in 11ms (ActiveRecord: 0.3ms | Allocations: 4312)



NoMethodError - undefined method `each' for nil:NilClass:
  app/views/users/index.html.erb:3

Started POST "/__better_errors/54e96ac00ecf366f/variables" for ::1 at 2023-03-14 18:37:51 -0700
  [1m[36mUser Load (0.2ms)[0m  [1m[34mSELECT "users".* FROM "users" /* loading for inspect */ LIMIT ?[0m  [["LIMIT", 11]]
  ↳ (eval):72:in `block in render'
  [1m[36mCACHE User Load (0.0ms)[0m  [1m[34mSELECT "users".* FROM "users" /* loading for inspect */ LIMIT ?[0m  [["LIMIT", 11]]
  ↳ (eval):72:in `block in render'
  [1m[36mUser Load (0.6ms)[0m  [1m[34mSELECT "users".* FROM "users"[0m
Started POST "/users" for ::1 at 2023-03-14 18:42:59 -0700
Processing by UsersController#create as HTML
  Parameters: {"authenticity_token"=>"[FILTERED]", "user"=>{"username"=>"M'Taylor", "password"=>"[FILTERED]"}}
  [1m[36mTRANSACTION (0.1ms)[0m  [1m[36mbegin transaction[0m
  ↳ app/models/user.rb:45:in `generate_session_token'
  [1m[36mUser Exists? (0.9ms)[0m  [1m[34mSELECT 1 AS one FROM "users" WHERE "users"."session_token" = ? LIMIT ?[0m  [["session_token", "[FILTERED]"], ["LIMIT", 1]]
  ↳ app/models/user.rb:45:in `generate_session_token'
  [1m[36mUser Exists? (0.3ms)[0m  [1m[34mSELECT 1 AS one FROM "users" WHERE "users"."username" = ? LIMIT ?[0m  [["username", "M'Taylor"], ["LIMIT", 1]]
  ↳ app/controllers/users_controller.rb:14:in `create'
  [1m[36mCACHE User Exists? (0.1ms)[0m  [1m[34mSELECT 1 AS one FROM "users" WHERE "users"."session_token" = ? LIMIT ?[0m  [["session_token", "[FILTERED]"], ["LIMIT", 1]]
  ↳ app/controllers/users_controller.rb:14:in `create'
  [1m[36mUser Create (0.5ms)[0m  [1m[32mINSERT INTO "users" ("username", "session_token", "password_digest", "created_at", "updated_at") VALUES (?, ?, ?, ?, ?)[0m  [["username", "M'Taylor"], ["session_token", "[FILTERED]"], ["password_digest", "[FILTERED]"], ["created_at", "2023-03-15 01:43:00.191498"], ["updated_at", "2023-03-15 01:43:00.191498"]]
  ↳ app/controllers/users_controller.rb:14:in `create'
  [1m[36mTRANSACTION (23.0ms)[0m  [1m[36mcommit transaction[0m
  ↳ app/controllers/users_controller.rb:14:in `create'
  [1m[36mUser Exists? (0.4ms)[0m  [1m[34mSELECT 1 AS one FROM "users" WHERE "users"."session_token" = ? LIMIT ?[0m  [["session_token", "[FILTERED]"], ["LIMIT", 1]]
  ↳ app/models/user.rb:45:in `generate_session_token'
  [1m[36mTRANSACTION (0.1ms)[0m  [1m[36mbegin transaction[0m
  ↳ app/models/user.rb:33:in `reset_session_token!'
  [1m[36mUser Exists? (0.2ms)[0m  [1m[34mSELECT 1 AS one FROM "users" WHERE "users"."username" = ? AND "users"."id" != ? LIMIT ?[0m  [["username", "M'Taylor"], ["id", 3], ["LIMIT", 1]]
  ↳ app/models/user.rb:33:in `reset_session_token!'
  [1m[36mUser Exists? (0.2ms)[0m  [1m[34mSELECT 1 AS one FROM "users" WHERE "users"."session_token" = ? AND "users"."id" != ? LIMIT ?[0m  [["session_token", "[FILTERED]"], ["id", 3], ["LIMIT", 1]]
  ↳ app/models/user.rb:33:in `reset_session_token!'
  [1m[36mUser Update (1.1ms)[0m  [1m[33mUPDATE "users" SET "session_token" = ?, "updated_at" = ? WHERE "users"."id" = ?[0m  [["session_token", "[FILTERED]"], ["updated_at", "2023-03-15 01:43:00.229756"], ["id", 3]]
  ↳ app/models/user.rb:33:in `reset_session_token!'
  [1m[36mTRANSACTION (21.5ms)[0m  [1m[36mcommit transaction[0m
  ↳ app/models/user.rb:33:in `reset_session_token!'
Redirected to http://localhost:3000/users
Completed 302 Found in 443ms (ActiveRecord: 50.2ms | Allocations: 11298)


Started GET "/users" for ::1 at 2023-03-14 18:43:00 -0700
Processing by UsersController#index as HTML
  [1m[36mUser Load (0.4ms)[0m  [1m[34mSELECT "users".* FROM "users" WHERE "users"."session_token" = ? LIMIT ?[0m  [["session_token", "[FILTERED]"], ["LIMIT", 1]]
  ↳ app/controllers/application_controller.rb:5:in `current_user'
  Rendering layout layouts/application.html.erb
  Rendering users/index.html.erb within layouts/application
  [1m[36mUser Load (0.2ms)[0m  [1m[34mSELECT "users".* FROM "users"[0m
  ↳ app/views/users/index.html.erb:3
  Rendered users/index.html.erb within layouts/application (Duration: 4.2ms | Allocations: 838)
  Rendered layout layouts/application.html.erb (Duration: 19.3ms | Allocations: 2000)
Completed 200 OK in 28ms (Views: 23.2ms | ActiveRecord: 0.6ms | Allocations: 3392)


Started GET "/users/1" for ::1 at 2023-03-14 18:43:06 -0700
Processing by UsersController#show as HTML
  Parameters: {"id"=>"1"}
  [1m[36mUser Load (0.1ms)[0m  [1m[34mSELECT "users".* FROM "users" WHERE "users"."session_token" = ? LIMIT ?[0m  [["session_token", "[FILTERED]"], ["LIMIT", 1]]
  ↳ app/controllers/application_controller.rb:5:in `current_user'
  [1m[36mUser Load (0.5ms)[0m  [1m[34mSELECT "users".* FROM "users" WHERE "users"."id" = ? LIMIT ?[0m  [["id", 1], ["LIMIT", 1]]
  ↳ app/controllers/users_controller.rb:24:in `show'
  Rendering layout layouts/application.html.erb
  Rendering users/show.html.erb within layouts/application
  Rendered users/show.html.erb within layouts/application (Duration: 1.5ms | Allocations: 126)
  Rendered layout layouts/application.html.erb (Duration: 7.0ms | Allocations: 1068)
Completed 200 OK in 23ms (Views: 9.8ms | ActiveRecord: 0.7ms | Allocations: 3515)


Started GET "/users/2" for ::1 at 2023-03-14 18:43:10 -0700
Processing by UsersController#show as HTML
  Parameters: {"id"=>"2"}
  [1m[36mUser Load (0.2ms)[0m  [1m[34mSELECT "users".* FROM "users" WHERE "users"."session_token" = ? LIMIT ?[0m  [["session_token", "[FILTERED]"], ["LIMIT", 1]]
  ↳ app/controllers/application_controller.rb:5:in `current_user'
  [1m[36mUser Load (0.2ms)[0m  [1m[34mSELECT "users".* FROM "users" WHERE "users"."id" = ? LIMIT ?[0m  [["id", 2], ["LIMIT", 1]]
  ↳ app/controllers/users_controller.rb:24:in `show'
  Rendering layout layouts/application.html.erb
  Rendering users/show.html.erb within layouts/application
  Rendered users/show.html.erb within layouts/application (Duration: 0.4ms | Allocations: 9)
  Rendered layout layouts/application.html.erb (Duration: 17.4ms | Allocations: 972)
Completed 200 OK in 30ms (Views: 23.8ms | ActiveRecord: 0.3ms | Allocations: 2309)


Started GET "/users/3" for ::1 at 2023-03-14 18:43:12 -0700
Processing by UsersController#show as HTML
  Parameters: {"id"=>"3"}
  [1m[36mUser Load (0.2ms)[0m  [1m[34mSELECT "users".* FROM "users" WHERE "users"."session_token" = ? LIMIT ?[0m  [["session_token", "[FILTERED]"], ["LIMIT", 1]]
  ↳ app/controllers/application_controller.rb:5:in `current_user'
  [1m[36mUser Load (0.2ms)[0m  [1m[34mSELECT "users".* FROM "users" WHERE "users"."id" = ? LIMIT ?[0m  [["id", 3], ["LIMIT", 1]]
  ↳ app/controllers/users_controller.rb:24:in `show'
  Rendering layout layouts/application.html.erb
  Rendering users/show.html.erb within layouts/application
  Rendered users/show.html.erb within layouts/application (Duration: 0.1ms | Allocations: 9)
  Rendered layout layouts/application.html.erb (Duration: 3.8ms | Allocations: 949)
Completed 200 OK in 10ms (Views: 4.9ms | ActiveRecord: 0.4ms | Allocations: 2299)


Started GET "/users/3" for ::1 at 2023-03-14 18:43:24 -0700
Processing by UsersController#show as HTML
  Parameters: {"id"=>"3"}
  [1m[36mUser Load (0.9ms)[0m  [1m[34mSELECT "users".* FROM "users" WHERE "users"."session_token" = ? LIMIT ?[0m  [["session_token", "[FILTERED]"], ["LIMIT", 1]]
  ↳ app/controllers/application_controller.rb:5:in `current_user'
  [1m[36mUser Load (0.9ms)[0m  [1m[34mSELECT "users".* FROM "users" WHERE "users"."id" = ? LIMIT ?[0m  [["id", 3], ["LIMIT", 1]]
  ↳ app/controllers/users_controller.rb:24:in `show'
  Rendering layout layouts/application.html.erb
  Rendering users/show.html.erb within layouts/application
  Rendered users/show.html.erb within layouts/application (Duration: 0.3ms | Allocations: 9)
  Rendered layout layouts/application.html.erb (Duration: 7.9ms | Allocations: 949)
Completed 200 OK in 34ms (Views: 12.5ms | ActiveRecord: 1.8ms | Allocations: 2291)


Started GET "/users/2" for ::1 at 2023-03-14 18:43:28 -0700
Processing by UsersController#show as HTML
  Parameters: {"id"=>"2"}
  [1m[36mUser Load (0.3ms)[0m  [1m[34mSELECT "users".* FROM "users" WHERE "users"."session_token" = ? LIMIT ?[0m  [["session_token", "[FILTERED]"], ["LIMIT", 1]]
  ↳ app/controllers/application_controller.rb:5:in `current_user'
  [1m[36mUser Load (0.4ms)[0m  [1m[34mSELECT "users".* FROM "users" WHERE "users"."id" = ? LIMIT ?[0m  [["id", 2], ["LIMIT", 1]]
  ↳ app/controllers/users_controller.rb:24:in `show'
  Rendering layout layouts/application.html.erb
  Rendering users/show.html.erb within layouts/application
  Rendered users/show.html.erb within layouts/application (Duration: 0.2ms | Allocations: 9)
  Rendered layout layouts/application.html.erb (Duration: 7.6ms | Allocations: 949)
Completed 200 OK in 28ms (Views: 9.0ms | ActiveRecord: 0.7ms | Allocations: 2280)


Started GET "/session/new" for ::1 at 2023-03-14 18:43:47 -0700
Processing by SessionsController#new as HTML
  Rendering layout layouts/application.html.erb
  Rendering sessions/new.html.erb within layouts/application
  Rendered sessions/new.html.erb within layouts/application (Duration: 4.3ms | Allocations: 362)
  Rendered layout layouts/application.html.erb (Duration: 10.7ms | Allocations: 1506)
Completed 200 OK in 14ms (Views: 12.9ms | ActiveRecord: 0.0ms | Allocations: 2116)


Started POST "/session" for ::1 at 2023-03-14 18:43:56 -0700
Processing by SessionsController#create as HTML
  Parameters: {"authenticity_token"=>"[FILTERED]", "users"=>{":username"=>"Flim", ":password"=>"[FILTERED]"}}
Completed 500 Internal Server Error in 4ms (ActiveRecord: 0.0ms | Allocations: 1525)



NoMethodError - undefined method `[]' for nil:NilClass
        incoming_username = params[:user][:username]
                                         ^^^^^^^^^^^:
  app/controllers/sessions_controller.rb:9:in `create'

Started POST "/__better_errors/9e81f0a4d99ec3d6/variables" for ::1 at 2023-03-14 18:43:56 -0700
Started POST "/session" for ::1 at 2023-03-14 18:46:06 -0700
Processing by SessionsController#create as HTML
  Parameters: {"authenticity_token"=>"[FILTERED]", "users"=>{":username"=>"Flim", ":password"=>"[FILTERED]"}}
Completed 500 Internal Server Error in 4ms (ActiveRecord: 0.0ms | Allocations: 1557)



NoMethodError - undefined method `[]' for nil:NilClass
        incoming_username = params[:user][:username]
                                         ^^^^^^^^^^^:
  app/controllers/sessions_controller.rb:9:in `create'

Started POST "/__better_errors/75662de700333900/variables" for ::1 at 2023-03-14 18:46:06 -0700
Started GET "/session/new" for ::1 at 2023-03-14 18:46:12 -0700
Processing by SessionsController#new as HTML
  Rendering layout layouts/application.html.erb
  Rendering sessions/new.html.erb within layouts/application
  Rendered sessions/new.html.erb within layouts/application (Duration: 1.6ms | Allocations: 513)
  Rendered layout layouts/application.html.erb (Duration: 5.4ms | Allocations: 1804)
Completed 200 OK in 8ms (Views: 7.0ms | ActiveRecord: 0.0ms | Allocations: 2576)


Started POST "/session" for ::1 at 2023-03-14 18:46:18 -0700
Processing by SessionsController#create as HTML
  Parameters: {"authenticity_token"=>"[FILTERED]", "user"=>{"username"=>"Flim", "password"=>"[FILTERED]"}}
  [1m[36mUser Load (0.6ms)[0m  [1m[34mSELECT "users".* FROM "users" WHERE "users"."username" = ? LIMIT ?[0m  [["username", "Flim"], ["LIMIT", 1]]
  ↳ app/models/user.rb:12:in `find_by_credentials'
Completed 500 Internal Server Error in 25ms (ActiveRecord: 0.6ms | Allocations: 5837)



NoMethodError - undefined method `is_password?' for User:Class:
  app/models/user.rb:13:in `find_by_credentials'
  app/controllers/sessions_controller.rb:11:in `create'

Started POST "/__better_errors/0294fb3b8cfdbe23/variables" for ::1 at 2023-03-14 18:46:19 -0700
Started GET "/session/new" for ::1 at 2023-03-14 18:53:39 -0700
Processing by SessionsController#new as HTML
  Rendering layout layouts/application.html.erb
  Rendering sessions/new.html.erb within layouts/application
  Rendered sessions/new.html.erb within layouts/application (Duration: 1.3ms | Allocations: 369)
  Rendered layout layouts/application.html.erb (Duration: 5.4ms | Allocations: 1514)
Completed 200 OK in 20ms (Views: 8.8ms | ActiveRecord: 0.7ms | Allocations: 4631)


Started POST "/session" for ::1 at 2023-03-14 18:53:48 -0700
Processing by SessionsController#create as HTML
  Parameters: {"authenticity_token"=>"[FILTERED]", "user"=>{"username"=>"Flim", "password"=>"[FILTERED]"}}
  [1m[36mUser Load (0.4ms)[0m  [1m[34mSELECT "users".* FROM "users" WHERE "users"."username" = ? LIMIT ?[0m  [["username", "Flim"], ["LIMIT", 1]]
  ↳ app/models/user.rb:12:in `find_by_credentials'
  [1m[36mUser Exists? (0.2ms)[0m  [1m[34mSELECT 1 AS one FROM "users" WHERE "users"."session_token" = ? LIMIT ?[0m  [["session_token", "[FILTERED]"], ["LIMIT", 1]]
  ↳ app/models/user.rb:45:in `generate_session_token'
  [1m[36mTRANSACTION (0.2ms)[0m  [1m[36mbegin transaction[0m
  ↳ app/models/user.rb:33:in `reset_session_token!'
  [1m[36mUser Exists? (0.3ms)[0m  [1m[34mSELECT 1 AS one FROM "users" WHERE "users"."username" = ? AND "users"."id" != ? LIMIT ?[0m  [["username", "Flim"], ["id", 2], ["LIMIT", 1]]
  ↳ app/models/user.rb:33:in `reset_session_token!'
  [1m[36mUser Exists? (4.1ms)[0m  [1m[34mSELECT 1 AS one FROM "users" WHERE "users"."session_token" = ? AND "users"."id" != ? LIMIT ?[0m  [["session_token", "[FILTERED]"], ["id", 2], ["LIMIT", 1]]
  ↳ app/models/user.rb:33:in `reset_session_token!'
  [1m[36mUser Update (1.0ms)[0m  [1m[33mUPDATE "users" SET "session_token" = ?, "updated_at" = ? WHERE "users"."id" = ?[0m  [["session_token", "[FILTERED]"], ["updated_at", "2023-03-15 01:53:48.511991"], ["id", 2]]
  ↳ app/models/user.rb:33:in `reset_session_token!'
  [1m[36mTRANSACTION (22.4ms)[0m  [1m[36mcommit transaction[0m
  ↳ app/models/user.rb:33:in `reset_session_token!'
Redirected to http://localhost:3000/users
Completed 302 Found in 384ms (ActiveRecord: 28.7ms | Allocations: 5564)


Started GET "/users" for ::1 at 2023-03-14 18:53:48 -0700
Processing by UsersController#index as HTML
  [1m[36mUser Load (0.4ms)[0m  [1m[34mSELECT "users".* FROM "users" WHERE "users"."session_token" = ? LIMIT ?[0m  [["session_token", "[FILTERED]"], ["LIMIT", 1]]
  ↳ app/controllers/application_controller.rb:5:in `current_user'
  Rendering layout layouts/application.html.erb
  Rendering users/index.html.erb within layouts/application
  [1m[36mUser Load (0.3ms)[0m  [1m[34mSELECT "users".* FROM "users"[0m
  ↳ app/views/users/index.html.erb:3
  Rendered users/index.html.erb within layouts/application (Duration: 5.1ms | Allocations: 1005)
  Rendered layout layouts/application.html.erb (Duration: 17.1ms | Allocations: 2170)
Completed 200 OK in 24ms (Views: 18.9ms | ActiveRecord: 0.7ms | Allocations: 3828)


Started POST "/session" for ::1 at 2023-03-14 18:56:53 -0700
Processing by SessionsController#create as HTML
  Parameters: {"authenticity_token"=>"[FILTERED]", "user"=>{"username"=>"gerald", "password"=>"[FILTERED]"}}
  [1m[36mUser Load (0.3ms)[0m  [1m[34mSELECT "users".* FROM "users" WHERE "users"."username" = ? LIMIT ?[0m  [["username", "gerald"], ["LIMIT", 1]]
  ↳ app/models/user.rb:12:in `find_by_credentials'
  Rendering layout layouts/application.html.erb
  Rendering sessions/new.html.erb within layouts/application
  Rendered sessions/new.html.erb within layouts/application (Duration: 4.6ms | Allocations: 2662)
  Rendered layout layouts/application.html.erb (Duration: 5.2ms | Allocations: 2741)
Completed 500 Internal Server Error in 11ms (ActiveRecord: 0.3ms | Allocations: 3730)



NoMethodError - undefined method `username' for nil:NilClass:
  app/views/sessions/new.html.erb:6
  app/controllers/sessions_controller.rb:17:in `create'

Started POST "/__better_errors/35abf45b52e13b25/variables" for ::1 at 2023-03-14 18:56:53 -0700
Started GET "/session/new" for ::1 at 2023-03-14 19:00:33 -0700
Processing by SessionsController#new as HTML
  Rendering layout layouts/application.html.erb
  Rendering sessions/new.html.erb within layouts/application
  Rendered sessions/new.html.erb within layouts/application (Duration: 0.8ms | Allocations: 348)
  Rendered layout layouts/application.html.erb (Duration: 3.6ms | Allocations: 1498)
Completed 200 OK in 14ms (Views: 5.0ms | ActiveRecord: 1.1ms | Allocations: 5018)


Started POST "/session" for ::1 at 2023-03-14 19:00:47 -0700
Processing by SessionsController#create as HTML
  Parameters: {"authenticity_token"=>"[FILTERED]", "user"=>{"username"=>"M'Taylor", "password"=>"[FILTERED]"}}
  [1m[36mUser Load (0.5ms)[0m  [1m[34mSELECT "users".* FROM "users" WHERE "users"."username" = ? LIMIT ?[0m  [["username", "M'Taylor"], ["LIMIT", 1]]
  ↳ app/models/user.rb:12:in `find_by_credentials'
  Rendering layout layouts/application.html.erb
  Rendering sessions/new.html.erb within layouts/application
  Rendered sessions/new.html.erb within layouts/application (Duration: 0.6ms | Allocations: 58)
  Rendered layout layouts/application.html.erb (Duration: 4.4ms | Allocations: 1000)
Completed 200 OK in 621ms (Views: 5.9ms | ActiveRecord: 0.5ms | Allocations: 2446)


Started POST "/session" for ::1 at 2023-03-14 19:00:52 -0700
Processing by SessionsController#create as HTML
  Parameters: {"authenticity_token"=>"[FILTERED]", "user"=>{"username"=>"M'Taylor", "password"=>"[FILTERED]"}}
  [1m[36mUser Load (0.3ms)[0m  [1m[34mSELECT "users".* FROM "users" WHERE "users"."username" = ? LIMIT ?[0m  [["username", "M'Taylor"], ["LIMIT", 1]]
  ↳ app/models/user.rb:12:in `find_by_credentials'
  Rendering layout layouts/application.html.erb
  Rendering sessions/new.html.erb within layouts/application
  Rendered sessions/new.html.erb within layouts/application (Duration: 1.0ms | Allocations: 58)
  Rendered layout layouts/application.html.erb (Duration: 18.7ms | Allocations: 1000)
Completed 200 OK in 646ms (Views: 20.8ms | ActiveRecord: 0.3ms | Allocations: 1968)


Started POST "/session" for ::1 at 2023-03-14 19:00:53 -0700
Processing by SessionsController#create as HTML
  Parameters: {"authenticity_token"=>"[FILTERED]", "user"=>{"username"=>"M'Taylor", "password"=>"[FILTERED]"}}
  [1m[36mUser Load (0.3ms)[0m  [1m[34mSELECT "users".* FROM "users" WHERE "users"."username" = ? LIMIT ?[0m  [["username", "M'Taylor"], ["LIMIT", 1]]
  ↳ app/models/user.rb:12:in `find_by_credentials'
  Rendering layout layouts/application.html.erb
  Rendering sessions/new.html.erb within layouts/application
  Rendered sessions/new.html.erb within layouts/application (Duration: 0.7ms | Allocations: 58)
  Rendered layout layouts/application.html.erb (Duration: 8.5ms | Allocations: 1000)
Completed 200 OK in 619ms (Views: 10.1ms | ActiveRecord: 0.3ms | Allocations: 2128)


Started POST "/session" for ::1 at 2023-03-14 19:00:54 -0700
Processing by SessionsController#create as HTML
  Parameters: {"authenticity_token"=>"[FILTERED]", "user"=>{"username"=>"M'Taylor", "password"=>"[FILTERED]"}}
  [1m[36mUser Load (0.2ms)[0m  [1m[34mSELECT "users".* FROM "users" WHERE "users"."username" = ? LIMIT ?[0m  [["username", "M'Taylor"], ["LIMIT", 1]]
  ↳ app/models/user.rb:12:in `find_by_credentials'
  Rendering layout layouts/application.html.erb
  Rendering sessions/new.html.erb within layouts/application
  Rendered sessions/new.html.erb within layouts/application (Duration: 0.4ms | Allocations: 58)
  Rendered layout layouts/application.html.erb (Duration: 2.6ms | Allocations: 1000)
Completed 200 OK in 624ms (Views: 3.8ms | ActiveRecord: 0.2ms | Allocations: 1971)


Started POST "/session" for ::1 at 2023-03-14 19:00:57 -0700
Processing by SessionsController#create as HTML
  Parameters: {"authenticity_token"=>"[FILTERED]", "user"=>{"username"=>"M'Taylor", "password"=>"[FILTERED]"}}
  [1m[36mUser Load (0.2ms)[0m  [1m[34mSELECT "users".* FROM "users" WHERE "users"."username" = ? LIMIT ?[0m  [["username", "M'Taylor"], ["LIMIT", 1]]
  ↳ app/models/user.rb:12:in `find_by_credentials'
  Rendering layout layouts/application.html.erb
  Rendering sessions/new.html.erb within layouts/application
  Rendered sessions/new.html.erb within layouts/application (Duration: 0.6ms | Allocations: 58)
  Rendered layout layouts/application.html.erb (Duration: 3.4ms | Allocations: 1000)
Completed 200 OK in 615ms (Views: 5.0ms | ActiveRecord: 0.2ms | Allocations: 1958)


Started POST "/session" for ::1 at 2023-03-14 19:01:03 -0700
Processing by SessionsController#create as HTML
  Parameters: {"authenticity_token"=>"[FILTERED]", "user"=>{"username"=>"M'Taylor", "password"=>"[FILTERED]"}}
  [1m[36mUser Load (0.2ms)[0m  [1m[34mSELECT "users".* FROM "users" WHERE "users"."username" = ? LIMIT ?[0m  [["username", "M'Taylor"], ["LIMIT", 1]]
  ↳ app/models/user.rb:12:in `find_by_credentials'
  Rendering layout layouts/application.html.erb
  Rendering sessions/new.html.erb within layouts/application
  Rendered sessions/new.html.erb within layouts/application (Duration: 0.6ms | Allocations: 58)
  Rendered layout layouts/application.html.erb (Duration: 8.7ms | Allocations: 1005)
Completed 200 OK in 625ms (Views: 10.5ms | ActiveRecord: 0.2ms | Allocations: 1982)


Started POST "/session" for ::1 at 2023-03-14 19:01:13 -0700
Processing by SessionsController#create as HTML
  Parameters: {"authenticity_token"=>"[FILTERED]", "user"=>{"username"=>"Gerald", "password"=>"[FILTERED]"}}
  [1m[36mUser Load (0.3ms)[0m  [1m[34mSELECT "users".* FROM "users" WHERE "users"."username" = ? LIMIT ?[0m  [["username", "Gerald"], ["LIMIT", 1]]
  ↳ app/models/user.rb:12:in `find_by_credentials'
  Rendering layout layouts/application.html.erb
  Rendering sessions/new.html.erb within layouts/application
  Rendered sessions/new.html.erb within layouts/application (Duration: 0.8ms | Allocations: 58)
  Rendered layout layouts/application.html.erb (Duration: 5.7ms | Allocations: 1000)
Completed 200 OK in 318ms (Views: 7.3ms | ActiveRecord: 0.3ms | Allocations: 1962)


Started POST "/session" for ::1 at 2023-03-14 19:01:14 -0700
Processing by SessionsController#create as HTML
  Parameters: {"authenticity_token"=>"[FILTERED]", "user"=>{"username"=>"Gerald", "password"=>"[FILTERED]"}}
  [1m[36mUser Load (0.1ms)[0m  [1m[34mSELECT "users".* FROM "users" WHERE "users"."username" = ? LIMIT ?[0m  [["username", "Gerald"], ["LIMIT", 1]]
  ↳ app/models/user.rb:12:in `find_by_credentials'
Started POST "/session" for ::1 at 2023-03-14 19:01:14 -0700
Processing by SessionsController#create as HTML
  Parameters: {"authenticity_token"=>"[FILTERED]", "user"=>{"username"=>"Gerald", "password"=>"[FILTERED]"}}
  [1m[36mUser Load (0.2ms)[0m  [1m[34mSELECT "users".* FROM "users" WHERE "users"."username" = ? LIMIT ?[0m  [["username", "Gerald"], ["LIMIT", 1]]
  ↳ app/models/user.rb:12:in `find_by_credentials'
  Rendering layout layouts/application.html.erb
  Rendering sessions/new.html.erb within layouts/application
  Rendered sessions/new.html.erb within layouts/application (Duration: 0.6ms | Allocations: 58)
  Rendered layout layouts/application.html.erb (Duration: 3.7ms | Allocations: 1000)
Completed 200 OK in 337ms (Views: 5.4ms | ActiveRecord: 0.1ms | Allocations: 3633)


  Rendering layout layouts/application.html.erb
  Rendering sessions/new.html.erb within layouts/application
  Rendered sessions/new.html.erb within layouts/application (Duration: 0.4ms | Allocations: 58)
  Rendered layout layouts/application.html.erb (Duration: 3.8ms | Allocations: 1000)
Completed 200 OK in 327ms (Views: 5.0ms | ActiveRecord: 0.6ms | Allocations: 4256)


Started POST "/session" for ::1 at 2023-03-14 19:04:43 -0700
Processing by SessionsController#create as HTML
  Parameters: {"authenticity_token"=>"[FILTERED]", "user"=>{"username"=>"Flotsam", "password"=>"[FILTERED]"}}
  [1m[36mUser Load (0.7ms)[0m  [1m[34mSELECT "users".* FROM "users" WHERE "users"."username" = ? LIMIT ?[0m  [["username", "Flotsam"], ["LIMIT", 1]]
  ↳ app/models/user.rb:12:in `find_by_credentials'
  Rendering layout layouts/application.html.erb
  Rendering sessions/new.html.erb within layouts/application
  Rendered sessions/new.html.erb within layouts/application (Duration: 1.5ms | Allocations: 265)
  Rendered layout layouts/application.html.erb (Duration: 6.3ms | Allocations: 1605)
Completed 200 OK in 646ms (Views: 10.4ms | ActiveRecord: 0.7ms | Allocations: 3073)


